This is pdfTeX, Version 3.141592653-2.6-1.40.24 (MiKTeX 22.3) (preloaded format=pdflatex 2022.5.20)  23 NOV 2022 10:04
entering extended mode
 restricted \write18 enabled.
 %&-line parsing enabled.
**C:/Users/gelso/Desktop/Repositorios/inversion-microscopy/article_1/Result1.te
x

(C:/Users/gelso/Desktop/Repositorios/inversion-microscopy/article_1/Result1.tex
LaTeX2e <2021-11-15> patch level 1
L3 programming layer <2022-05-04>

! LaTeX Error: Environment singlespace undefined.

See the LaTeX manual or LaTeX Companion for explanation.
Type  H <return>  for immediate help.
 ...                                              
                                                  
l.2 \begin{singlespace}
                       
? 
! Emergency stop.
 ...                                              
                                                  
l.2 \begin{singlespace}
                       
Your command was ignored.
Type  I <command> <return>  to replace it with another command,
or  <return>  to continue without it.

 
Here is how much of TeX's memory you used:
 20 strings out of 478614
 750 string characters out of 2843122
 289549 words of memory out of 3000000
 18273 multiletter control sequences out of 15000+600000
 469259 words of font info for 28 fonts, out of 8000000 for 9000
 1141 hyphenation exceptions out of 8191
 13i,0n,12p,130b,16s stack positions out of 10000i,1000n,20000p,200000b,80000s
!  ==> Fatal error occurred, no output PDF file produced!
