This is pdfTeX, Version 3.141592653-2.6-1.40.22 (TeX Live 2022/dev/Debian) (preloaded format=pdflatex 2023.10.4)  21 NOV 2023 20:27
entering extended mode
 restricted \write18 enabled.
 %&-line parsing enabled.
**manuscript-agu.tex
(./manuscript-agu.tex
LaTeX2e <2021-11-15> patch level 1
L3 programming layer <2022-01-21> (./agujournal2019.cls
Document Class: agujournal2019 01/14/2019
(/usr/share/texlive/texmf-dist/tex/latex/graphics/graphicx.sty
Package: graphicx 2021/09/16 v1.2d Enhanced LaTeX Graphics (DPC,SPQR)

(/usr/share/texlive/texmf-dist/tex/latex/graphics/keyval.sty
Package: keyval 2014/10/28 v1.15 key=value parser (DPC)
\KV@toks@=\toks16
)
(/usr/share/texlive/texmf-dist/tex/latex/graphics/graphics.sty
Package: graphics 2021/03/04 v1.4d Standard LaTeX Graphics (DPC,SPQR)

(/usr/share/texlive/texmf-dist/tex/latex/graphics/trig.sty
Package: trig 2021/08/11 v1.11 sin cos tan (DPC)
)
(/usr/share/texlive/texmf-dist/tex/latex/graphics-cfg/graphics.cfg
File: graphics.cfg 2016/06/04 v1.11 sample graphics configuration
)
Package graphics Info: Driver file: pdftex.def on input line 107.

(/usr/share/texlive/texmf-dist/tex/latex/graphics-def/pdftex.def
File: pdftex.def 2020/10/05 v1.2a Graphics/color driver for pdftex
))
\Gin@req@height=\dimen138
\Gin@req@width=\dimen139
)
(/usr/share/texlive/texmf-dist/tex/latex/xcolor/xcolor.sty
Package: xcolor 2021/10/31 v2.13 LaTeX color extensions (UK)

(/usr/share/texlive/texmf-dist/tex/latex/graphics-cfg/color.cfg
File: color.cfg 2016/01/02 v1.6 sample color configuration
)
Package xcolor Info: Driver file: pdftex.def on input line 227.
Package xcolor Info: Model `cmy' substituted by `cmy0' on input line 1352.
Package xcolor Info: Model `hsb' substituted by `rgb' on input line 1356.
Package xcolor Info: Model `RGB' extended on input line 1368.
Package xcolor Info: Model `HTML' substituted by `rgb' on input line 1370.
Package xcolor Info: Model `Hsb' substituted by `hsb' on input line 1371.
Package xcolor Info: Model `tHsb' substituted by `hsb' on input line 1372.
Package xcolor Info: Model `HSB' substituted by `hsb' on input line 1373.
Package xcolor Info: Model `Gray' substituted by `gray' on input line 1374.
Package xcolor Info: Model `wave' substituted by `hsb' on input line 1375.
)
(/usr/share/texlive/texmf-dist/tex/latex/url/url.sty
\Urlmuskip=\muskip16
Package: url 2013/09/16  ver 3.4  Verb mode for urls, etc.
)
(/usr/share/texlive/texmf-dist/tex/latex/lineno/lineno.sty
Package: lineno 2005/11/02 line numbers on paragraphs v4.41
\linenopenalty=\count185
\output=\toks17
\linenoprevgraf=\count186
\linenumbersep=\dimen140
\linenumberwidth=\dimen141
\c@linenumber=\count187
\c@pagewiselinenumber=\count188
\c@LN@truepage=\count189
\c@internallinenumber=\count190
\c@internallinenumbers=\count191
\quotelinenumbersep=\dimen142
\bframerule=\dimen143
\bframesep=\dimen144
\bframebox=\box50
LaTeX Info: Redefining \\ on input line 3056.
)
(/usr/share/texlive/texmf-dist/tex/latex/tools/indentfirst.sty
Package: indentfirst 1995/11/23 v1.03 Indent first paragraph (DPC)
)
(/usr/share/texlive/texmf-dist/tex/latex/ragged2e/ragged2e.sty
Package: ragged2e 2021/12/15 v3.1 ragged2e Package
\CenteringLeftskip=\skip47
\RaggedLeftLeftskip=\skip48
\RaggedRightLeftskip=\skip49
\CenteringRightskip=\skip50
\RaggedLeftRightskip=\skip51
\RaggedRightRightskip=\skip52
\CenteringParfillskip=\skip53
\RaggedLeftParfillskip=\skip54
\RaggedRightParfillskip=\skip55
\JustifyingParfillskip=\skip56
\CenteringParindent=\skip57
\RaggedLeftParindent=\skip58
\RaggedRightParindent=\skip59
\JustifyingParindent=\skip60
)
(/usr/share/texlive/texmf-dist/tex/latex/graphics/rotating.sty
Package: rotating 2016/08/11 v2.16d rotated objects in LaTeX

(/usr/share/texlive/texmf-dist/tex/latex/base/ifthen.sty
Package: ifthen 2020/11/24 v1.1c Standard LaTeX ifthen package (DPC)
)
\c@r@tfl@t=\count192
\rotFPtop=\skip61
\rotFPbot=\skip62
\rot@float@box=\box51
\rot@mess@toks=\toks18
)
\draftskip=\count193
\c@section=\count194
\c@subsection=\count195
\c@subsubsection=\count196
\c@paragraph=\count197
\c@subparagraph=\count198
\c@figure=\count199
\c@table=\count266
\abovecaptionskip=\skip63
\belowcaptionskip=\skip64
\c@appendnum=\count267
\bibindent=\dimen145

(/usr/share/texlive/texmf-dist/tex/latex/apacite/apacite.sty
Package: apacite 2013/07/21 v6.03 APA citation
\c@BibCnt=\count268
\bibleftmargin=\skip65
\bibindent=\skip66
\bibparsep=\skip67
\bibitemsep=\skip68
\biblabelsep=\skip69
))
(/usr/share/texlive/texmf-dist/tex/latex/siunitx/siunitx.sty
Package: siunitx 2022-02-02 v3.0.46 A comprehensive (SI) units package
\l__siunitx_angle_tmp_dim=\dimen146
\l__siunitx_angle_marker_box=\box52
\l__siunitx_angle_unit_box=\box53
\l__siunitx_compound_count_int=\count269

(/usr/share/texlive/texmf-dist/tex/latex/translations/translations.sty
Package: translations 2022/01/04 v1.11 internationalization of LaTeX2e packages
 (CN)

(/usr/share/texlive/texmf-dist/tex/latex/etoolbox/etoolbox.sty
Package: etoolbox 2020/10/05 v2.5k e-TeX tools for LaTeX (JAW)
\etb@tempcnta=\count270
)
(/usr/share/texlive/texmf-dist/tex/generic/pdftexcmds/pdftexcmds.sty
Package: pdftexcmds 2020-06-27 v0.33 Utility functions of pdfTeX for LuaTeX (HO
)

(/usr/share/texlive/texmf-dist/tex/generic/infwarerr/infwarerr.sty
Package: infwarerr 2019/12/03 v1.5 Providing info/warning/error messages (HO)
)
(/usr/share/texlive/texmf-dist/tex/generic/iftex/iftex.sty
Package: iftex 2020/03/06 v1.0d TeX engine tests
)
(/usr/share/texlive/texmf-dist/tex/generic/ltxcmds/ltxcmds.sty
Package: ltxcmds 2020-05-10 v1.25 LaTeX kernel commands for general use (HO)
)
Package pdftexcmds Info: \pdf@primitive is available.
Package pdftexcmds Info: \pdf@ifprimitive is available.
Package pdftexcmds Info: \pdfdraftmode found.
))
\l__siunitx_number_exponent_fixed_int=\count271
\l__siunitx_number_min_decimal_int=\count272
\l__siunitx_number_min_integer_int=\count273
\l__siunitx_number_round_precision_int=\count274
\l__siunitx_number_group_minimum_int=\count275

(/usr/share/texlive/texmf-dist/tex/latex/amsmath/amstext.sty
Package: amstext 2021/08/26 v2.01 AMS text

(/usr/share/texlive/texmf-dist/tex/latex/amsmath/amsgen.sty
File: amsgen.sty 1999/11/30 v2.0 generic functions
\@emptytoks=\toks19
\ex@=\dimen147
))
\l__siunitx_table_tmp_box=\box54
\l__siunitx_table_tmp_dim=\dimen148
\l__siunitx_table_column_width_dim=\dimen149
\l__siunitx_table_integer_box=\box55
\l__siunitx_table_decimal_box=\box56
\l__siunitx_table_before_box=\box57
\l__siunitx_table_after_box=\box58
\l__siunitx_table_before_dim=\dimen150
\l__siunitx_table_carry_dim=\dimen151
\l__siunitx_unit_tmp_int=\count276
\l__siunitx_unit_position_int=\count277
\l__siunitx_unit_total_int=\count278

(/usr/share/texlive/texmf-dist/tex/latex/l3packages/l3keys2e/l3keys2e.sty
(/usr/share/texlive/texmf-dist/tex/latex/l3kernel/expl3.sty
Package: expl3 2022-01-21 L3 programming layer (loader) 

(/usr/share/texlive/texmf-dist/tex/latex/l3backend/l3backend-pdftex.def
File: l3backend-pdftex.def 2022-01-12 L3 backend support: PDF output (pdfTeX)
\l__color_backend_stack_int=\count279
\l__pdf_internal_box=\box59
))
Package: l3keys2e 2022-01-12 LaTeX2e option processing using LaTeX3 keys
)
(/usr/share/texlive/texmf-dist/tex/latex/tools/array.sty
Package: array 2021/10/04 v2.5f Tabular extension package (FMi)
\col@sep=\dimen152
\ar@mcellbox=\box60
\extrarowheight=\dimen153
\NC@list=\toks20
\extratabsurround=\skip70
\backup@length=\skip71
\ar@cellbox=\box61
))
(/usr/share/texlive/texmf-dist/tex/latex/amsmath/amsmath.sty
Package: amsmath 2021/10/15 v2.17l AMS math features
\@mathmargin=\skip72

For additional information on amsmath, use the `?' option.
(/usr/share/texlive/texmf-dist/tex/latex/amsmath/amsbsy.sty
Package: amsbsy 1999/11/29 v1.2d Bold Symbols
\pmbraise@=\dimen154
)
(/usr/share/texlive/texmf-dist/tex/latex/amsmath/amsopn.sty
Package: amsopn 2021/08/26 v2.02 operator names
)
\inf@bad=\count280
LaTeX Info: Redefining \frac on input line 234.
\uproot@=\count281
\leftroot@=\count282
LaTeX Info: Redefining \overline on input line 399.
\classnum@=\count283
\DOTSCASE@=\count284
LaTeX Info: Redefining \ldots on input line 496.
LaTeX Info: Redefining \dots on input line 499.
LaTeX Info: Redefining \cdots on input line 620.
\Mathstrutbox@=\box62
\strutbox@=\box63
\big@size=\dimen155
LaTeX Font Info:    Redeclaring font encoding OML on input line 743.
LaTeX Font Info:    Redeclaring font encoding OMS on input line 744.
\macc@depth=\count285
\c@MaxMatrixCols=\count286
\dotsspace@=\muskip17
\c@parentequation=\count287
\dspbrk@lvl=\count288
\tag@help=\toks21
\row@=\count289
\column@=\count290
\maxfields@=\count291
\andhelp@=\toks22
\eqnshift@=\dimen156
\alignsep@=\dimen157
\tagshift@=\dimen158
\tagwidth@=\dimen159
\totwidth@=\dimen160
\lineht@=\dimen161
\@envbody=\toks23
\multlinegap=\skip73
\multlinetaggap=\skip74
\mathdisplay@stack=\toks24
LaTeX Info: Redefining \[ on input line 2938.
LaTeX Info: Redefining \] on input line 2939.
)
(/usr/share/texlive/texmf-dist/tex/latex/booktabs/booktabs.sty
Package: booktabs 2020/01/12 v1.61803398 Publication quality tables
\heavyrulewidth=\dimen162
\lightrulewidth=\dimen163
\cmidrulewidth=\dimen164
\belowrulesep=\dimen165
\belowbottomsep=\dimen166
\aboverulesep=\dimen167
\abovetopsep=\dimen168
\cmidrulesep=\dimen169
\cmidrulekern=\dimen170
\defaultaddspace=\dimen171
\@cmidla=\count292
\@cmidlb=\count293
\@aboverulesep=\dimen172
\@belowrulesep=\dimen173
\@thisruleclass=\count294
\@lastruleclass=\count295
\@thisrulewidth=\dimen174
)
(/usr/share/texlive/texmf-dist/tex/latex/xurl/xurl.sty
Package: xurl 2022/01/09 v 0.10 modify URL breaks
)
(/usr/share/texlive/texmf-dist/tex/latex/hyperref/hyperref.sty
Package: hyperref 2021-06-07 v7.00m Hypertext links for LaTeX

(/usr/share/texlive/texmf-dist/tex/generic/kvsetkeys/kvsetkeys.sty
Package: kvsetkeys 2019/12/15 v1.18 Key value parser (HO)
)
(/usr/share/texlive/texmf-dist/tex/generic/kvdefinekeys/kvdefinekeys.sty
Package: kvdefinekeys 2019-12-19 v1.6 Define keys (HO)
)
(/usr/share/texlive/texmf-dist/tex/generic/pdfescape/pdfescape.sty
Package: pdfescape 2019/12/09 v1.15 Implements pdfTeX's escape features (HO)
)
(/usr/share/texlive/texmf-dist/tex/latex/hycolor/hycolor.sty
Package: hycolor 2020-01-27 v1.10 Color options for hyperref/bookmark (HO)
)
(/usr/share/texlive/texmf-dist/tex/latex/letltxmacro/letltxmacro.sty
Package: letltxmacro 2019/12/03 v1.6 Let assignment for LaTeX macros (HO)
)
(/usr/share/texlive/texmf-dist/tex/latex/auxhook/auxhook.sty
Package: auxhook 2019-12-17 v1.6 Hooks for auxiliary files (HO)
)
(/usr/share/texlive/texmf-dist/tex/latex/kvoptions/kvoptions.sty
Package: kvoptions 2020-10-07 v3.14 Key value format for package options (HO)
)
\@linkdim=\dimen175
\Hy@linkcounter=\count296
\Hy@pagecounter=\count297

(/usr/share/texlive/texmf-dist/tex/latex/hyperref/pd1enc.def
File: pd1enc.def 2021-06-07 v7.00m Hyperref: PDFDocEncoding definition (HO)
Now handling font encoding PD1 ...
... no UTF-8 mapping file for font encoding PD1
)
(/usr/share/texlive/texmf-dist/tex/latex/hyperref/hyperref-langpatches.def
File: hyperref-langpatches.def 2021-06-07 v7.00m Hyperref: patches for babel la
nguages
)
(/usr/share/texlive/texmf-dist/tex/generic/intcalc/intcalc.sty
Package: intcalc 2019/12/15 v1.3 Expandable calculations with integers (HO)
)
(/usr/share/texlive/texmf-dist/tex/generic/etexcmds/etexcmds.sty
Package: etexcmds 2019/12/15 v1.7 Avoid name clashes with e-TeX commands (HO)
)
\Hy@SavedSpaceFactor=\count298

(/usr/share/texlive/texmf-dist/tex/latex/hyperref/puenc.def
File: puenc.def 2021-06-07 v7.00m Hyperref: PDF Unicode definition (HO)
Now handling font encoding PU ...
... no UTF-8 mapping file for font encoding PU
)
Package hyperref Info: Option `draft' set `true' on input line 4073.
Package hyperref Info: Hyper figures OFF on input line 4192.
Package hyperref Info: Link nesting OFF on input line 4197.
Package hyperref Info: Hyper index ON on input line 4200.
Package hyperref Info: Plain pages OFF on input line 4207.
Package hyperref Info: Backreferencing OFF on input line 4212.
Package hyperref Info: Implicit mode ON; LaTeX internals redefined.
Package hyperref Info: Bookmarks ON on input line 4445.
\c@Hy@tempcnt=\count299
LaTeX Info: Redefining \url on input line 4804.
\XeTeXLinkMargin=\dimen176

(/usr/share/texlive/texmf-dist/tex/generic/bitset/bitset.sty
Package: bitset 2019/12/09 v1.3 Handle bit-vector datatype (HO)

(/usr/share/texlive/texmf-dist/tex/generic/bigintcalc/bigintcalc.sty
Package: bigintcalc 2019/12/15 v1.5 Expandable calculations on big integers (HO
)
))
\Fld@menulength=\count300
\Field@Width=\dimen177
\Fld@charsize=\dimen178
Package hyperref Info: Hyper figures OFF on input line 6076.
Package hyperref Info: Link nesting OFF on input line 6081.
Package hyperref Info: Hyper index ON on input line 6084.
Package hyperref Info: backreferencing OFF on input line 6091.
Package hyperref Info: Link coloring OFF on input line 6096.
Package hyperref Info: Link coloring with OCG OFF on input line 6101.
Package hyperref Info: PDF/A mode OFF on input line 6106.
LaTeX Info: Redefining \ref on input line 6146.
LaTeX Info: Redefining \pageref on input line 6150.

(/usr/share/texlive/texmf-dist/tex/latex/base/atbegshi-ltx.sty
Package: atbegshi-ltx 2021/01/10 v1.0c Emulation of the original atbegshi
package with kernel methods
)
\Hy@abspage=\count301
\c@Item=\count302
\c@Hfootnote=\count303
)
Package hyperref Info: Driver (autodetected): hpdftex.

(/usr/share/texlive/texmf-dist/tex/latex/hyperref/hpdftex.def
File: hpdftex.def 2021-06-07 v7.00m Hyperref driver for pdfTeX

(/usr/share/texlive/texmf-dist/tex/latex/base/atveryend-ltx.sty
Package: atveryend-ltx 2020/08/19 v1.0a Emulation of the original atveryend pac
kage
with kernel methods
)
\Fld@listcount=\count304
\c@bookmark@seq@number=\count305

(/usr/share/texlive/texmf-dist/tex/latex/rerunfilecheck/rerunfilecheck.sty
Package: rerunfilecheck 2019/12/05 v1.9 Rerun checks for auxiliary files (HO)

(/usr/share/texlive/texmf-dist/tex/generic/uniquecounter/uniquecounter.sty
Package: uniquecounter 2019/12/15 v1.4 Provide unlimited unique counter (HO)
)
Package uniquecounter Info: New unique counter `rerunfilecheck' on input line 2
86.
)
\Hy@SectionHShift=\skip75
)
(/usr/share/texlive/texmf-dist/tex/latex/natbib/natbib.sty
Package: natbib 2010/09/13 8.31b (PWD, AO)
\bibhang=\skip76
\bibsep=\skip77
LaTeX Info: Redefining \cite on input line 694.
LaTeX Info: Redefining \citeauthor on input line 712.
LaTeX Info: Redefining \citeyear on input line 735.
\c@NAT@ctr=\count306
) (./trackchanges.sty
Package: trackchanges 2009/04/22 v0.7.0 TrackChanges file 
(/usr/share/texlive/texmf-dist/tex/latex/tools/calc.sty
Package: calc 2017/05/25 v4.3 Infix arithmetic (KKT,FJ)
\calc@Acount=\count307
\calc@Bcount=\count308
\calc@Adimen=\dimen179
\calc@Bdimen=\dimen180
\calc@Askip=\skip78
\calc@Bskip=\skip79
LaTeX Info: Redefining \setlength on input line 80.
LaTeX Info: Redefining \addtolength on input line 81.
\calc@Ccount=\count309
\calc@Cskip=\skip80
)
(/usr/share/texlive/texmf-dist/tex/generic/soul/soul.sty
Package: soul 2003/11/17 v2.4 letterspacing/underlining (mf)
\SOUL@word=\toks25
\SOUL@lasttoken=\toks26
\SOUL@cmds=\toks27
\SOUL@buffer=\toks28
\SOUL@token=\toks29
\SOUL@spaceskip=\skip81
\SOUL@ttwidth=\dimen181
\SOUL@uldp=\dimen182
\SOUL@ulht=\dimen183
)
(/usr/share/texlive/texmf-dist/tex/latex/morefloats/morefloats.sty
Package: morefloats 2015/07/22 v1.0h Raise limit of unprocessed floats (HMM)
Package morefloats Info: Maximum number of possible floats asked for: 36
(morefloats)             (i.e. 18 more floats).
(morefloats)             LaTeX might run out of memory before this
(morefloats)             (in which case it will notify you).
)
\c@userid=\count310
\c@changenumber=\count311
\c@storefootnote=\count312
\c@numeditors=\count313
\c@maxeditors=\count314
)
(/usr/share/texlive/texmf-dist/tex/latex/enumitem/enumitem.sty
Package: enumitem 2019/06/20 v3.9 Customized lists
\labelindent=\skip82
\enit@outerparindent=\dimen184
\enit@toks=\toks30
\enit@inbox=\box64
\enit@count@id=\count315
\enitdp@description=\count316
)
Package translations Info: No language package found. I am going to use `englis
h' as default language. on input line 63.

(./manuscript-agu.aux

LaTeX Warning: Label `eq_vector_to_incdec' multiply defined.


LaTeX Warning: Label `non-dipolarity-synthetic-data' multiply defined.

)
\openout1 = `manuscript-agu.aux'.

LaTeX Font Info:    Checking defaults for OML/cmm/m/it on input line 63.
LaTeX Font Info:    ... okay on input line 63.
LaTeX Font Info:    Checking defaults for OMS/cmsy/m/n on input line 63.
LaTeX Font Info:    ... okay on input line 63.
LaTeX Font Info:    Checking defaults for OT1/cmr/m/n on input line 63.
LaTeX Font Info:    ... okay on input line 63.
LaTeX Font Info:    Checking defaults for T1/cmr/m/n on input line 63.
LaTeX Font Info:    ... okay on input line 63.
LaTeX Font Info:    Checking defaults for TS1/cmr/m/n on input line 63.
LaTeX Font Info:    ... okay on input line 63.
LaTeX Font Info:    Checking defaults for OMX/cmex/m/n on input line 63.
LaTeX Font Info:    ... okay on input line 63.
LaTeX Font Info:    Checking defaults for U/cmr/m/n on input line 63.
LaTeX Font Info:    ... okay on input line 63.
LaTeX Font Info:    Checking defaults for PD1/pdf/m/n on input line 63.
LaTeX Font Info:    ... okay on input line 63.
LaTeX Font Info:    Checking defaults for PU/pdf/m/n on input line 63.
LaTeX Font Info:    ... okay on input line 63.
 (/usr/share/texlive/texmf-dist/tex/context/base/mkii/supp-pdf.mkii
[Loading MPS to PDF converter (version 2006.09.02).]
\scratchcounter=\count317
\scratchdimen=\dimen185
\scratchbox=\box65
\nofMPsegments=\count318
\nofMParguments=\count319
\everyMPshowfont=\toks31
\MPscratchCnt=\count320
\MPscratchDim=\dimen186
\MPnumerator=\count321
\makeMPintoPDFobject=\count322
\everyMPtoPDFconversion=\toks32
) (/usr/share/texlive/texmf-dist/tex/latex/epstopdf-pkg/epstopdf-base.sty
Package: epstopdf-base 2020-01-24 v2.11 Base part for package epstopdf
Package epstopdf-base Info: Redefining graphics rule for `.eps' on input line 4
85.

(/usr/share/texlive/texmf-dist/tex/latex/latexconfig/epstopdf-sys.cfg
File: epstopdf-sys.cfg 2010/07/13 v1.3 Configuration of (r)epstopdf for TeX Liv
e
))
\c@maskedRefs=\count323

(/usr/share/texlive/texmf-dist/tex/latex/apacite/english.apc
File: english.apc 2013/07/21 v6.03 apacite language file
LaTeX Info: Redefining \BPBI on input line 129.
LaTeX Info: Redefining \BHBI on input line 130.
)
(/usr/share/texlive/texmf-dist/tex/latex/translations/translations-basic-dictio
nary-english.trsl
File: translations-basic-dictionary-english.trsl (english translation file `tra
nslations-basic-dictionary')
)
Package translations Info: loading dictionary `translations-basic-dictionary' f
or `english'. on input line 63.


Package hyperref Warning: Height of page (\paperheight) is invalid (0.0pt),
(hyperref)                using 11in.


Package hyperref Warning: Draft mode on.

Package hyperref Info: Link coloring OFF on input line 63.
(/usr/share/texlive/texmf-dist/tex/latex/hyperref/nameref.sty
Package: nameref 2021-04-02 v2.47 Cross-referencing by name of section

(/usr/share/texlive/texmf-dist/tex/latex/refcount/refcount.sty
Package: refcount 2019/12/15 v3.6 Data extraction from label references (HO)
)
(/usr/share/texlive/texmf-dist/tex/generic/gettitlestring/gettitlestring.sty
Package: gettitlestring 2019/12/15 v1.6 Cleanup title references (HO)
)
\c@section@level=\count324
)
LaTeX Info: Redefining \ref on input line 63.
LaTeX Info: Redefining \pageref on input line 63.
LaTeX Info: Redefining \nameref on input line 63.

(./information.tex) [1{/var/lib/texmf/fonts/map/pdftex/updmap/pdftex.map}]
(./abstract.tex)

LaTeX Font Warning: Font shape `OT1/cmr/m/n' in size <10.5> not available
(Font)              size <10.95> substituted on input line 179.


LaTeX Font Warning: Font shape `OT1/cmr/bx/n' in size <10.5> not available
(Font)              size <10.95> substituted on input line 179.

(./abstract-plain.tex) (./content.tex

Package natbib Warning: Citation `Verberne2020' on page 2 undefined on input li
ne 7.


Package natbib Warning: Citation `Barnes2019' on page 2 undefined on input line
 7.


Package natbib Warning: Citation `Davidson2007' on page 2 undefined on input li
ne 7.


Package natbib Warning: Citation `Dunlop1997' on page 2 undefined on input line
 10.


Package natbib Warning: Citation `Berndt2016' on page 2 undefined on input line
 14.


Package natbib Warning: Citation `Dunlop1997' on page 2 undefined on input line
 15.


Package natbib Warning: Citation `Tauxe2018' on page 2 undefined on input line 
19.


Package natbib Warning: Citation `DeGroot2018' on page 2 undefined on input lin
e 23.


Package natbib Warning: Citation `Lima2014' on page 2 undefined on input line 2
3.


Package natbib Warning: Citation `Weiss2007' on page 2 undefined on input line 
23.


Package natbib Warning: Citation `DeGroot2014' on page 2 undefined on input lin
e 23.


Underfull \vbox (badness 10000) has occurred while \output is active []

 [2]

Package natbib Warning: Citation `Berndt2016' on page 3 undefined on input line
 29.


Package natbib Warning: Citation `Fu2020' on page 3 undefined on input line 32.



Package natbib Warning: Citation `Weiss2007' on page 3 undefined on input line 
32.


Package natbib Warning: Citation `DeGroot2018' on page 3 undefined on input lin
e 32.


Package natbib Warning: Citation `Glenn2017' on page 3 undefined on input line 
32.


Package natbib Warning: Citation `Lima2014' on page 3 undefined on input line 3
2.


Package natbib Warning: Citation `Barbosa2011' on page 3 undefined on input lin
e 34.


Package natbib Warning: Citation `DeGroot2021' on page 3 undefined on input lin
e 34.


Package natbib Warning: Citation `Oliveira2015Estimation' on page 3 undefined o
n input line 34.


Package natbib Warning: Citation `CortesOrtuno2022' on page 3 undefined on inpu
t line 36.


Package natbib Warning: Citation `Lima2013' on page 3 undefined on input line 3
6.


Package natbib Warning: Citation `Lima2009' on page 3 undefined on input line 3
6.


Package natbib Warning: Citation `Fabian2019' on page 3 undefined on input line
 39.


Package natbib Warning: Citation `Fabian2019' on page 3 undefined on input line
 40.


Package natbib Warning: Citation `DeGroot2021' on page 3 undefined on input lin
e 40.


Package natbib Warning: Citation `DeGroot2018' on page 3 undefined on input lin
e 40.


Package natbib Warning: Citation `CortesOrtuno2022' on page 3 undefined on inpu
t line 43.


Package natbib Warning: Citation `DeGroot2021' on page 3 undefined on input lin
e 43.


Package natbib Warning: Citation `Maldanis2020' on page 3 undefined on input li
ne 44.


Package natbib Warning: Citation `Fu2020' on page 3 undefined on input line 49.



Package natbib Warning: Citation `Lima2013' on page 3 undefined on input line 5
2.


Package natbib Warning: Citation `Oliveira2015Estimation' on page 3 undefined o
n input line 62.

[3]

Package natbib Warning: Citation `Roest1992Magnetic' on page 4 undefined on inp
ut line 106.


Package natbib Warning: Citation `VanderWalt2014' on page 4 undefined on input 
line 108.


Package natbib Warning: Citation `Roest1992Magnetic' on page 4 undefined on inp
ut line 114.


Package natbib Warning: Citation `Nabighian2005' on page 4 undefined on input l
ine 114.


Package natbib Warning: Citation `Saleh2012Applying' on page 4 undefined on inp
ut line 142.

[4]

Package natbib Warning: Citation `Kong2013' on page 5 undefined on input line 1
66.


Package natbib Warning: Citation `Han2016' on page 5 undefined on input line 17
1.


Package natbib Warning: Citation `Thompson1982' on page 5 undefined on input li
ne 181.


Package natbib Warning: Citation `Reid1990' on page 5 undefined on input line 1
82.


Package natbib Warning: Citation `Silva20033D' on page 5 undefined on input lin
e 185.

<figures/coordinate-system-sketch.png, id=32, 499.3857pt x 227.6505pt>
File: figures/coordinate-system-sketch.png Graphic file (type png)
<use figures/coordinate-system-sketch.png>
Package pdftex.def Info: figures/coordinate-system-sketch.png  used on input li
ne 196.
(pdftex.def)             Requested size: 397.48499pt x 181.20012pt.

Package natbib Warning: Citation `Reid1990' on page 5 undefined on input line 2
25.


Underfull \vbox (badness 2626) has occurred while \output is active []

 [5]
[6 <./figures/coordinate-system-sketch.png>]

Package natbib Warning: Citation `Oliveira2015Estimation' on page 7 undefined o
n input line 289.


Package natbib Warning: Citation `Oliveira2015Estimation' on page 7 undefined o
n input line 291.


Package natbib Warning: Citation `Weiss2007' on page 7 undefined on input line 
323.


Overfull \hbox (32.08257pt too wide) detected at line 383
[][][] [] \OT1/cmr/m/n/10 = []  \OML/cmm/m/it/10 ;
 []

[7]

Package natbib Warning: Citation `Tauxe2018' on page 8 undefined on input line 
411.


Package natbib Warning: Citation `Aster2019' on page 8 undefined on input line 
425.


Package natbib Warning: Citation `Aster2019' on page 8 undefined on input line 
434.

[8]

Package natbib Warning: Citation `Fu2020' on page 9 undefined on input line 469
.


Package natbib Warning: Citation `CortesOrtuno2021' on page 9 undefined on inpu
t line 483.


Package natbib Warning: Citation `Strum2014' on page 9 undefined on input line 
495.

[9]
<figures/simple-synthetic-data.png, id=57, 592.614pt x 513.117pt>
File: figures/simple-synthetic-data.png Graphic file (type png)
<use figures/simple-synthetic-data.png>
Package pdftex.def Info: figures/simple-synthetic-data.png  used on input line 
527.
(pdftex.def)             Requested size: 397.48499pt x 344.17026pt.


Package natbib Warning: Citation `Blakely1996' on page 10 undefined on input li
ne 555.


Underfull \vbox (badness 10000) has occurred while \output is active []

 [10 <./figures/simple-synthetic-data.png>] (./simple-synthetic-results.tex)
Overfull \hbox (13.65167pt too wide) in paragraph at lines 2--565
 [] 
 []

<figures/simple-synthetic-dipole-moment.png, id=63, 576.2328pt x 286.1892pt>
File: figures/simple-synthetic-dipole-moment.png Graphic file (type png)
<use figures/simple-synthetic-dipole-moment.png>
Package pdftex.def Info: figures/simple-synthetic-dipole-moment.png  used on in
put line 574.
(pdftex.def)             Requested size: 397.48499pt x 197.41397pt.

Underfull \vbox (badness 4967) has occurred while \output is active []

 [11]
<figures/non-dipolarity-synthetic.png, id=67, 591.4095pt x 542.7477pt>
File: figures/non-dipolarity-synthetic.png Graphic file (type png)
<use figures/non-dipolarity-synthetic.png>
Package pdftex.def Info: figures/non-dipolarity-synthetic.png  used on input li
ne 622.
(pdftex.def)             Requested size: 397.48499pt x 364.77365pt.

Underfull \vbox (badness 10000) has occurred while \output is active []

 [12 <./figures/simple-synthetic-dipole-moment.png>]
<figures/non-dipolarity-synthetic-positioning.png, id=72, 592.43332pt x 375.623
32pt>
File: figures/non-dipolarity-synthetic-positioning.png Graphic file (type png)
<use figures/non-dipolarity-synthetic-positioning.png>
Package pdftex.def Info: figures/non-dipolarity-synthetic-positioning.png  used
 on input line 631.
(pdftex.def)             Requested size: 397.48499pt x 252.0274pt.
<figures/non-dipolarity-synthetic-inversion.png, id=73, 594.0594pt x 375.804pt>

File: figures/non-dipolarity-synthetic-inversion.png Graphic file (type png)
<use figures/non-dipolarity-synthetic-inversion.png>
Package pdftex.def Info: figures/non-dipolarity-synthetic-inversion.png  used o
n input line 638.
(pdftex.def)             Requested size: 397.48499pt x 251.46051pt.

Underfull \vbox (badness 10000) has occurred while \output is active []

 [13 <./figures/non-dipolarity-synthetic.png>]
<figures/complex-synthetic-data.png, id=79, 736.9131pt x 653.8026pt>
File: figures/complex-synthetic-data.png Graphic file (type png)
<use figures/complex-synthetic-data.png>
Package pdftex.def Info: figures/complex-synthetic-data.png  used on input line
 661.
(pdftex.def)             Requested size: 397.48499pt x 352.6491pt.
 [14 <./figures/non-dipolarity-synthetic-positioning.png>]
<figures/complex-synthetic-comparison.png, id=84, 529.4982pt x 651.6345pt>
File: figures/complex-synthetic-comparison.png Graphic file (type png)
<use figures/complex-synthetic-comparison.png>
Package pdftex.def Info: figures/complex-synthetic-comparison.png  used on inpu
t line 687.
(pdftex.def)             Requested size: 298.11374pt x 366.89153pt.


Package natbib Warning: Citation `Fu2020' on page 15 undefined on input line 70
2.


Underfull \vbox (badness 1590) has occurred while \output is active []

 [15 <./figures/non-dipolarity-synthetic-inversion.png>]
<figures/complex-synthetic-stereograms.png, id=89, 902.1705pt x 666.0885pt>
File: figures/complex-synthetic-stereograms.png Graphic file (type png)
<use figures/complex-synthetic-stereograms.png>
Package pdftex.def Info: figures/complex-synthetic-stereograms.png  used on inp
ut line 713.
(pdftex.def)             Requested size: 397.48499pt x 293.46606pt.
LaTeX Font Info:    Trying to load font information for OML+cmr on input line 7
20.

(/usr/share/texlive/texmf-dist/tex/latex/base/omlcmr.fd
File: omlcmr.fd 2019/12/16 v2.5j Standard LaTeX font definitions
)
LaTeX Font Info:    Font shape `OML/cmr/m/n' in size <10> not available
(Font)              Font shape `OML/cmm/m/it' tried instead on input line 720.

Underfull \vbox (badness 10000) has occurred while \output is active []

 [16 <./figures/complex-synthetic-data.png>] [17 <./figures/complex-synthetic-c
omparison.png>]

LaTeX Warning: File `paper/figures/grain-concentration.png' not found on input 
line 730.


! Package pdftex.def Error: File `paper/figures/grain-concentration.png' not fo
und: using draft setting.

See the pdftex.def package documentation for explanation.
Type  H <return>  for immediate help.
 ...                                              
                                                  
l.730 ...h]{paper/figures/grain-concentration.png}
                                                  
Try typing  <return>  to proceed.
If that doesn't work, type  X <return>  to quit.


Package natbib Warning: Citation `Ait2019Hydro' on page 18 undefined on input l
ine 743.


Package natbib Warning: Citation `carmo2019speleothem' on page 18 undefined on 
input line 747.


Underfull \vbox (badness 10000) has occurred while \output is active []

 [18 <./figures/complex-synthetic-stereograms.png>]
Underfull \vbox (badness 10000) has occurred while \output is active []

 [19]

Package natbib Warning: Citation `Lima2009' on page 20 undefined on input line 
761.


Package natbib Warning: Citation `Fu2020' on page 20 undefined on input line 76
1.


Package natbib Warning: Citation `Glenn2017' on page 20 undefined on input line
 761.

<figures/real-data.png, id=108, 711.1368pt x 875.4306pt>
File: figures/real-data.png Graphic file (type png)
<use figures/real-data.png>
Package pdftex.def Info: figures/real-data.png  used on input line 766.
(pdftex.def)             Requested size: 397.48499pt x 489.3161pt.

Package natbib Warning: Citation `Fu2020' on page 20 undefined on input line 78
3.

<figures/real-data-stereograms.png, id=109, 711.8595pt x 595.2639pt>
File: figures/real-data-stereograms.png Graphic file (type png)
<use figures/real-data-stereograms.png>
Package pdftex.def Info: figures/real-data-stereograms.png  used on input line 
787.
(pdftex.def)             Requested size: 397.48499pt x 332.38272pt.

Package natbib Warning: Citation `Egli2000' on page 20 undefined on input line 
798.


Package natbib Warning: Citation `Weiss2007' on page 20 undefined on input line
 799.


Package natbib Warning: Citation `Myre2019' on page 20 undefined on input line 
799.


Package natbib Warning: Citation `Lima2013' on page 20 undefined on input line 
799.


Package natbib Warning: Citation `Weiss2007' on page 20 undefined on input line
 800.


Package natbib Warning: Citation `Lima2016' on page 20 undefined on input line 
802.


Package natbib Warning: Citation `Fu2020' on page 20 undefined on input line 80
2.


Package natbib Warning: Citation `Fabian2019' on page 20 undefined on input lin
e 802.


Package natbib Warning: Citation `DeGroot2018' on page 20 undefined on input li
ne 802.


Package natbib Warning: Citation `DeGroot2021' on page 20 undefined on input li
ne 802.


Package natbib Warning: Citation `Koster2023' on page 20 undefined on input lin
e 802.


Package natbib Warning: Citation `CortesOrtuno2021' on page 20 undefined on inp
ut line 803.


Package natbib Warning: Citation `CortesOrtuno2022' on page 20 undefined on inp
ut line 803.


Package natbib Warning: Citation `DeGroot2018' on page 20 undefined on input li
ne 805.


Package natbib Warning: Citation `DeGroot2021' on page 20 undefined on input li
ne 806.


Package natbib Warning: Citation `Cnudde2013' on page 20 undefined on input lin
e 806.


Underfull \vbox (badness 1552) has occurred while \output is active []

 [20]
Underfull \vbox (badness 10000) has occurred while \output is active []

 [21 <./figures/real-data.png>]

Package natbib Warning: Citation `Marr1980' on page 22 undefined on input line 
813.


Package natbib Warning: Citation `gonzalez2018' on page 22 undefined on input l
ine 814.


Underfull \vbox (badness 3219) has occurred while \output is active []

 [22 <./figures/real-data-stereograms.png>]

Package natbib Warning: Citation `Baratchart2013' on page 23 undefined on input
 line 829.


Package natbib Warning: Citation `Lima2013' on page 23 undefined on input line 
829.


Package natbib Warning: Citation `Weiss2007' on page 23 undefined on input line
 829.


Underfull \vbox (badness 10000) has occurred while \output is active []

 [23]

LaTeX Warning: File `paper/figures/detection-map.png' not found on input line 8
40.


! Package pdftex.def Error: File `paper/figures/detection-map.png' not found: u
sing draft setting.

See the pdftex.def package documentation for explanation.
Type  H <return>  for immediate help.
 ...                                              
                                                  
l.840 ...newidth]{paper/figures/detection-map.png}
                                                  
Try typing  <return>  to proceed.
If that doesn't work, type  X <return>  to quit.


Package natbib Warning: Citation `Oliveira2015Estimation' on page 24 undefined 
on input line 854.


Package natbib Warning: Citation `Silva20033D' on page 24 undefined on input li
ne 856.


Package natbib Warning: Citation `Melo2013' on page 24 undefined on input line 
856.


Package natbib Warning: Citation `Oliveira2015Estimation' on page 24 undefined 
on input line 859.

[24]

Package natbib Warning: Citation `Dunlop1997' on page 25 undefined on input lin
e 869.


Package natbib Warning: Citation `Nagy2017' on page 25 undefined on input line 
870.


Package natbib Warning: Citation `CortesOrtuno2021' on page 25 undefined on inp
ut line 871.


Package natbib Warning: Citation `CortesOrtuno2022' on page 25 undefined on inp
ut line 873.


Package natbib Warning: Citation `Fu2020' on page 25 undefined on input line 88
2.


Package natbib Warning: Citation `CortesOrtuno2021' on page 25 undefined on inp
ut line 883.


Underfull \vbox (badness 10000) has occurred while \output is active []

 [25]
Overfull \hbox (14.18001pt too wide) in paragraph at lines 911--916
\OT1/cmr/m/n/10 mag-netic mi-croscopy data are avail-able at $\OT1/cmtt/m/n/10 
https :// doi [] .org / 10 [] .6084 / m9 [] .figshare [] .22965200 []
 []


Package natbib Warning: Citation `VanderWalt2014' on page 26 undefined on input
 line 918.


Package natbib Warning: Citation `Hunter2007' on page 26 undefined on input lin
e 919.


Package natbib Warning: Citation `mplstereonet' on page 26 undefined on input l
ine 919.


Package natbib Warning: Citation `Harris2020' on page 26 undefined on input lin
e 921.


Package natbib Warning: Citation `2020SciPy-NMeth' on page 26 undefined on inpu
t line 922.


Package natbib Warning: Citation `verde2018' on page 26 undefined on input line
 923.


Package natbib Warning: Citation `harmonica2020' on page 26 undefined on input 
line 924.


Package natbib Warning: Citation `choclo2022' on page 26 undefined on input lin
e 925.


Package natbib Warning: Citation `lam2015numba' on page 26 undefined on input l
ine 927.


Package natbib Warning: Citation `hoyer2017xarray' on page 26 undefined on inpu
t line 929.

LaTeX Font Info:    Trying to load font information for OMS+cmr on input line 9
42.
(/usr/share/texlive/texmf-dist/tex/latex/base/omscmr.fd
File: omscmr.fd 2019/12/16 v2.5j Standard LaTeX font definitions
)
LaTeX Font Info:    Font shape `OMS/cmr/m/n' in size <10> not available
(Font)              Font shape `OMS/cmsy/m/n' tried instead on input line 942.
) (./diff_file.tex

Package natbib Warning: Citation `Berndt2016' on page 26 undefined on input lin
e 11.


Package natbib Warning: Citation `Berndt2016' on page 26 undefined on input lin
e 12.


Package natbib Warning: Citation `Dunlop1997' on page 26 undefined on input lin
e 13.


Package natbib Warning: Citation `Tauxe2018' on page 26 undefined on input line
 17.


Overfull \hbox (13.7104pt too wide) in paragraph at lines 937--20
\OT1/cmr/m/n/10 a/paper/content.tex b/paper/content.tex in-dex ff6dd9b..faf57c9
 100644 --- a/paper/content.tex
 []

[26]
! Display math should end with $$.
<to be read again> 
                   \protect 
l.27 ...@ The estimated dipole moment vector $\hat
                                                  {\mathbf{m}}$ can be conve...
The `$' that I just saw supposedly matches a previous `$$'.
So I shall assume that you typed `$$' both times.


Overfull \hbox (201.13747pt too wide) detected at line 27
[][]\OMS/cmsy/m/n/10 ^^@\OML/cmm/m/it/10 x[]@[]f \OT1/cmr/m/n/10 + \OML/cmm/m/i
t/10 y[]@[]f \OT1/cmr/m/n/10 + \OML/cmm/m/it/10 z[]@[]f \OT1/cmr/m/n/10 + \OML/
cmm/m/it/10 ^^Qb \OT1/cmr/m/n/10 + \OML/cmm/m/it/10 x[]@[]f \OT1/cmr/m/n/10 + \
OML/cmm/m/it/10 y[]@[]f \OT1/cmr/m/n/10 + \OML/cmm/m/it/10 z[]@[]f \OT1/cmr/m/n
/10 + \OML/cmm/m/it/10 ^^Qb \OT1/cmr/m/n/10 = \OML/cmm/m/it/10 x@[]f \OT1/cmr/m
/n/10 + \OML/cmm/m/it/10 y@[]f \OT1/cmr/m/n/10 + \OML/cmm/m/it/10 z@[]f \OT1/cm
r/m/n/10 + \OML/cmm/m/it/10 ^^Qf :\OT1/cmr/m/n/10 @@ \OMS/cmsy/m/n/10 ^^@ \OT1/
cmr/m/n/10 414\OML/cmm/m/it/10 ; \OT1/cmr/m/n/10 7 + 414\OML/cmm/m/it/10 ; \OT1
/cmr/m/n/10 7@@\OML/cmm/m/it/10 Theestimateddipolemomentvector
 []


! Package amsmath Error: \hat allowed only in math mode.

See the amsmath package documentation for explanation.
Type  H <return>  for immediate help.
 ...                                              
                                                  
l.27 ...ted dipole moment vector $\hat{\mathbf{m}}
                                                  $ can be converted into decl
You're in trouble here.  Try typing  <return>  to proceed.
If that doesn't work, type  X <return>  to quit.

! You can't use `\eqno' in math mode.
\endmathdisplay@a ...\df@tag \@empty \else \veqno 
                                                  \alt@tag \df@tag \fi \ifx ...
l.35  \end{equation}
                    
Sorry, but I'm not programmed to handle this case;
I'll just pretend that you didn't ask for it.
If you're in the wrong mode, you might be able to
return to the right one by typing `I}' or `I$' or `I\par'.

! Missing $ inserted.
<inserted text> 
                $
l.35  \end{equation}
                    
I've inserted something that you may have forgotten.
(See the <inserted text> above.)
With luck, this will get me unwedged. But if you
really didn't forget anything, try typing `2' now; then
my insertion and my current dilemma will both disappear.

! Too many }'s.
\@endfloatbox ...pagefalse \outer@nobreak \egroup 
                                                  \color@endbox 
l.53  \end{figure}
                  
You've closed more groups than you opened.
Such booboos are generally harmless, so keep going.

! Extra \endgroup.
\color@endgroup ->\endgraf \endgroup 
                                     
l.53  \end{figure}
                  
Things are pretty mixed up, but I think the worst is over.

! Too many }'s.
\color@endbox ->\color@endgroup \egroup 
                                        
l.53  \end{figure}
                  
You've closed more groups than you opened.
Such booboos are generally harmless, so keep going.


! LaTeX Error: \begin{document} ended by \end{figure}.

See the LaTeX manual or LaTeX Companion for explanation.
Type  H <return>  for immediate help.
 ...                                              
                                                  
l.53  \end{figure}
                  
Your command was ignored.
Type  I <command> <return>  to replace it with another command,
or  <return>  to continue without it.

! Extra \endgroup.
<recently read> \endgroup 
                          
l.53  \end{figure}
                  
Things are pretty mixed up, but I think the worst is over.

[27]
File: figures/non-dipolarity-synthetic-positioning.png Graphic file (type png)
<use figures/non-dipolarity-synthetic-positioning.png>
Package pdftex.def Info: figures/non-dipolarity-synthetic-positioning.png  used
 on input line 60.
(pdftex.def)             Requested size: 397.48499pt x 252.0274pt.
File: figures/non-dipolarity-synthetic-inversion.png Graphic file (type png)
<use figures/non-dipolarity-synthetic-inversion.png>
Package pdftex.def Info: figures/non-dipolarity-synthetic-inversion.png  used o
n input line 68.
(pdftex.def)             Requested size: 397.48499pt x 251.46051pt.


! LaTeX Error: Not in outer par mode.

See the LaTeX manual or LaTeX Companion for explanation.
Type  H <return>  for immediate help.
 ...                                              
                                                  
l.96  \begin{figure}[tb!]
                         
You've lost some text.  Try typing  <return>  to proceed.
If that doesn't work, type  X <return>  to quit.

File: figures/complex-synthetic-comparison.png Graphic file (type png)
<use figures/complex-synthetic-comparison.png>
Package pdftex.def Info: figures/complex-synthetic-comparison.png  used on inpu
t line 98.
(pdftex.def)             Requested size: 298.11374pt x 366.89153pt.

! LaTeX Error: Not in outer par mode.

See the LaTeX manual or LaTeX Companion for explanation.
Type  H <return>  for immediate help.
 ...                                              
                                                  
l.115  \begin{figure}[tb!]
                          
You've lost some text.  Try typing  <return>  to proceed.
If that doesn't work, type  X <return>  to quit.


LaTeX Warning: File `paper/figures/grain-concentration.png' not found on input 
line 128.


! Package pdftex.def Error: File `paper/figures/grain-concentration.png' not fo
und: using draft setting.

See the pdftex.def package documentation for explanation.
Type  H <return>  for immediate help.
 ...                                              
                                                  
l.128 ...h]{paper/figures/grain-concentration.png}
                                                  
Try typing  <return>  to proceed.
If that doesn't work, type  X <return>  to quit.

Runaway argument?
{Lima2009, Fu2020, +order to avoid the influence of the Earth's magne\ETC.
! Paragraph ended before \@citex was complete.
<to be read again> 
                   \par 
l.146 
      
I suspect you've forgotten a `}', causing me to apply this
control sequence to too much text. How can we recover?
My plan is to forget the whole thing and hope for the best.


! LaTeX Error: Not in outer par mode.

See the LaTeX manual or LaTeX Companion for explanation.
Type  H <return>  for immediate help.
 ...                                              
                                                  
l.147  \begin{figure}[tb!]
                          
You've lost some text.  Try typing  <return>  to proceed.
If that doesn't work, type  X <return>  to quit.


Package natbib Warning: Citation `Fu2020' on page 28 undefined on input line 15
3.


Package natbib Warning: Citation `Fu2020' on page 28 undefined on input line 15
4.


! LaTeX Error: Not in outer par mode.

See the LaTeX manual or LaTeX Companion for explanation.
Type  H <return>  for immediate help.
 ...                                              
                                                  
l.156  \begin{figure}[tb!]
                          
You've lost some text.  Try typing  <return>  to proceed.
If that doesn't work, type  X <return>  to quit.


Package natbib Warning: Citation `Oliveira2015Estimation' on page 28 undefined 
on input line 168.


Package natbib Warning: Citation `Silva20033D' on page 28 undefined on input li
ne 170.


Package natbib Warning: Citation `Melo2013' on page 28 undefined on input line 
170.


Package natbib Warning: Citation `Egli2000' on page 28 undefined on input line 
177.


Package natbib Warning: Citation `Weiss2007' on page 28 undefined on input line
 178.


Package natbib Warning: Citation `Myre2019' on page 28 undefined on input line 
178.


Package natbib Warning: Citation `Lima2013' on page 28 undefined on input line 
178.


Package natbib Warning: Citation `Weiss2007' on page 28 undefined on input line
 179.


Package natbib Warning: Citation `Lima2016' on page 28 undefined on input line 
181.


Package natbib Warning: Citation `Fu2020' on page 28 undefined on input line 18
1.


Package natbib Warning: Citation `Fabian2019' on page 28 undefined on input lin
e 181.


Package natbib Warning: Citation `DeGroot2018' on page 28 undefined on input li
ne 181.


Package natbib Warning: Citation `DeGroot2021' on page 28 undefined on input li
ne 181.


Package natbib Warning: Citation `Lima2016' on page 28 undefined on input line 
182.


Package natbib Warning: Citation `Fu2020' on page 28 undefined on input line 18
2.


Package natbib Warning: Citation `Fabian2019' on page 28 undefined on input lin
e 182.


Package natbib Warning: Citation `DeGroot2018' on page 28 undefined on input li
ne 182.


Package natbib Warning: Citation `DeGroot2021' on page 28 undefined on input li
ne 182.


Package natbib Warning: Citation `Koster2023' on page 28 undefined on input lin
e 182.


Package natbib Warning: Citation `CortesOrtuno2021' on page 28 undefined on inp
ut line 183.


Package natbib Warning: Citation `CortesOrtuno2022' on page 28 undefined on inp
ut line 183.


Package natbib Warning: Citation `DeGroot2018' on page 28 undefined on input li
ne 185.


Package natbib Warning: Citation `DeGroot2021' on page 28 undefined on input li
ne 186.


Package natbib Warning: Citation `Cnudde2013' on page 28 undefined on input lin
e 186.


Package natbib Warning: Citation `DeGroot2018' on page 28 undefined on input li
ne 187.


Package natbib Warning: Citation `DeGroot2021' on page 28 undefined on input li
ne 188.


Package natbib Warning: Citation `Cnudde2013' on page 28 undefined on input lin
e 188.


Package natbib Warning: Citation `Marr1980' on page 28 undefined on input line 
195.


Package natbib Warning: Citation `gonzalez2018' on page 28 undefined on input l
ine 196.


Package natbib Warning: Citation `Baratchart2013' on page 28 undefined on input
 line 216.


Package natbib Warning: Citation `Lima2013' on page 28 undefined on input line 
216.


Package natbib Warning: Citation `Weiss2007' on page 28 undefined on input line
 216.


LaTeX Warning: File `paper/figures/detection-map.png' not found on input line 2
28.


! Package pdftex.def Error: File `paper/figures/detection-map.png' not found: u
sing draft setting.

See the pdftex.def package documentation for explanation.
Type  H <return>  for immediate help.
 ...                                              
                                                  
l.228 ...newidth]{paper/figures/detection-map.png}
                                                  
Try typing  <return>  to proceed.
If that doesn't work, type  X <return>  to quit.


Package natbib Warning: Citation `Oliveira2015Estimation' on page 28 undefined 
on input line 242.


Package natbib Warning: Citation `Silva20033D' on page 28 undefined on input li
ne 244.


Package natbib Warning: Citation `Melo2013' on page 28 undefined on input line 
244.


Package natbib Warning: Citation `Oliveira2015Estimation' on page 28 undefined 
on input line 247.


Package natbib Warning: Citation `Dunlop1997' on page 28 undefined on input lin
e 258.


Package natbib Warning: Citation `Nagy2017' on page 28 undefined on input line 
259.


Package natbib Warning: Citation `CortesOrtuno2021' on page 28 undefined on inp
ut line 261.


Package natbib Warning: Citation `CortesOrtuno2022' on page 28 undefined on inp
ut line 263.


Package natbib Warning: Citation `CortesOrtuno2021' on page 28 undefined on inp
ut line 271.


Package natbib Warning: Citation `Baratchart2013' on page 28 undefined on input
 line 273.


Package natbib Warning: Citation `Lima2013' on page 28 undefined on input line 
273.


Package natbib Warning: Citation `Weiss2007' on page 28 undefined on input line
 273.


Package natbib Warning: Citation `Fu2020' on page 28 undefined on input line 27
9.


Package natbib Warning: Citation `CortesOrtuno2021' on page 28 undefined on inp
ut line 280.

)
No file manuscript-agu.bbl.

Package natbib Warning: There were undefined citations.


! LaTeX Error: \begin{figure} on input line 156 ended by \end{document}.

See the LaTeX manual or LaTeX Companion for explanation.
Type  H <return>  for immediate help.
 ...                                              
                                                  
l.253 \end{document}
                    
Your command was ignored.
Type  I <command> <return>  to replace it with another command,
or  <return>  to continue without it.

(./manuscript-agu.aux)

LaTeX Font Warning: Size substitutions with differences
(Font)              up to 0.45pt have occurred.


LaTeX Warning: There were multiply-defined labels.

! You can't use `\end' in internal vertical mode.
\enddocument ...cument/end}\deadcycles \z@ \@@end 
                                                  
l.253 \end{document}
                    
Sorry, but I'm not programmed to handle this case;
I'll just pretend that you didn't ask for it.
If you're in the wrong mode, you might be able to
return to the right one by typing `I}' or `I$' or `I\par'.


! LaTeX Error: \begin{figure} on input line 156 ended by \end{document}.

See the LaTeX manual or LaTeX Companion for explanation.
Type  H <return>  for immediate help.
 ...                                              
                                                  
l.253 \end{document}
                    
Your command was ignored.
Type  I <command> <return>  to replace it with another command,
or  <return>  to continue without it.

! Missing } inserted.
<inserted text> 
                }
l.253 \end{document}
                    
I've inserted something that you may have forgotten.
(See the <inserted text> above.)
With luck, this will get me unwedged. But if you
really didn't forget anything, try typing `2' now; then
my insertion and my current dilemma will both disappear.

)
! Emergency stop.
<*> manuscript-agu.tex
                      
*** (job aborted, no legal \end found)

 
Here is how much of TeX's memory you used:
 15403 strings out of 478287
 292401 string characters out of 5849289
 630317 words of memory out of 5000000
 33355 multiletter control sequences out of 15000+600000
 479212 words of font info for 62 fonts, out of 8000000 for 9000
 1147 hyphenation exceptions out of 8191
 71i,12n,79p,1864b,890s stack positions out of 5000i,500n,10000p,200000b,80000s
!  ==> Fatal error occurred, no output PDF file produced!
